This is pdfTeX, Version 3.14159265-2.6-1.40.19 (TeX Live 2018) (preloaded format=pdflatex 2018.4.16)  9 JUN 2019 23:17
entering extended mode
 \write18 enabled.
 %&-line parsing enabled.
**tutorial.3.tex
(./tutorial.3.tex
LaTeX2e <2018-04-01> patch level 2
Babel <3.18> and hyphenation patterns for 84 language(s) loaded.
(/usr/local/texlive/2018/texmf-dist/tex/latex/base/book.cls
Document Class: book 2014/09/29 v1.4h Standard LaTeX document class
(/usr/local/texlive/2018/texmf-dist/tex/latex/base/bk12.clo
File: bk12.clo 2014/09/29 v1.4h Standard LaTeX file (size option)
)
\c@part=\count80
\c@chapter=\count81
\c@section=\count82
\c@subsection=\count83
\c@subsubsection=\count84
\c@paragraph=\count85
\c@subparagraph=\count86
\c@figure=\count87
\c@table=\count88
\abovecaptionskip=\skip41
\belowcaptionskip=\skip42
\bibindent=\dimen102
)
(/usr/local/texlive/2018/texmf-dist/tex/latex/geometry/geometry.sty
Package: geometry 2018/03/24 v5.7 Page Geometry

(/usr/local/texlive/2018/texmf-dist/tex/latex/graphics/keyval.sty
Package: keyval 2014/10/28 v1.15 key=value parser (DPC)
\KV@toks@=\toks14
)
(/usr/local/texlive/2018/texmf-dist/tex/generic/oberdiek/ifpdf.sty
Package: ifpdf 2017/03/15 v3.2 Provides the ifpdf switch
)
(/usr/local/texlive/2018/texmf-dist/tex/generic/oberdiek/ifvtex.sty
Package: ifvtex 2016/05/16 v1.6 Detect VTeX and its facilities (HO)
Package ifvtex Info: VTeX not detected.
)
(/usr/local/texlive/2018/texmf-dist/tex/generic/ifxetex/ifxetex.sty
Package: ifxetex 2010/09/12 v0.6 Provides ifxetex conditional
)
\Gm@cnth=\count89
\Gm@cntv=\count90
\c@Gm@tempcnt=\count91
\Gm@bindingoffset=\dimen103
\Gm@wd@mp=\dimen104
\Gm@odd@mp=\dimen105
\Gm@even@mp=\dimen106
\Gm@layoutwidth=\dimen107
\Gm@layoutheight=\dimen108
\Gm@layouthoffset=\dimen109
\Gm@layoutvoffset=\dimen110
\Gm@dimlist=\toks15
)
(/usr/local/texlive/2018/texmf-dist/tex/latex/adjustbox/adjustbox.sty
Package: adjustbox 2018/04/08 v1.1 Adjusting TeX boxes (trim, clip, ...)

(/usr/local/texlive/2018/texmf-dist/tex/latex/xkeyval/xkeyval.sty
Package: xkeyval 2014/12/03 v2.7a package option processing (HA)

(/usr/local/texlive/2018/texmf-dist/tex/generic/xkeyval/xkeyval.tex
(/usr/local/texlive/2018/texmf-dist/tex/generic/xkeyval/xkvutils.tex
\XKV@toks=\toks16
\XKV@tempa@toks=\toks17
)
\XKV@depth=\count92
File: xkeyval.tex 2014/12/03 v2.7a key=value parser (HA)
))
(/usr/local/texlive/2018/texmf-dist/tex/latex/adjustbox/adjcalc.sty
Package: adjcalc 2012/05/16 v1.1 Provides advanced setlength with multiple back
-ends (calc, etex, pgfmath)
)
(/usr/local/texlive/2018/texmf-dist/tex/latex/adjustbox/trimclip.sty
Package: trimclip 2018/04/08 v1.1 Trim and clip general TeX material

(/usr/local/texlive/2018/texmf-dist/tex/latex/graphics/graphicx.sty
Package: graphicx 2017/06/01 v1.1a Enhanced LaTeX Graphics (DPC,SPQR)

(/usr/local/texlive/2018/texmf-dist/tex/latex/graphics/graphics.sty
Package: graphics 2017/06/25 v1.2c Standard LaTeX Graphics (DPC,SPQR)

(/usr/local/texlive/2018/texmf-dist/tex/latex/graphics/trig.sty
Package: trig 2016/01/03 v1.10 sin cos tan (DPC)
)
(/usr/local/texlive/2018/texmf-dist/tex/latex/graphics-cfg/graphics.cfg
File: graphics.cfg 2016/06/04 v1.11 sample graphics configuration
)
Package graphics Info: Driver file: pdftex.def on input line 99.

(/usr/local/texlive/2018/texmf-dist/tex/latex/graphics-def/pdftex.def
File: pdftex.def 2018/01/08 v1.0l Graphics/color driver for pdftex
))
\Gin@req@height=\dimen111
\Gin@req@width=\dimen112
)
(/usr/local/texlive/2018/texmf-dist/tex/latex/collectbox/collectbox.sty
Package: collectbox 2012/05/17 v0.4b Collect macro arguments as boxes
\collectedbox=\box26
)
\tc@llx=\dimen113
\tc@lly=\dimen114
\tc@urx=\dimen115
\tc@ury=\dimen116
Package trimclip Info: Using driver 'tc-pdftex.def'.

(/usr/local/texlive/2018/texmf-dist/tex/latex/adjustbox/tc-pdftex.def
File: tc-pdftex.def 2018/04/08 v2.1 Clipping driver for pdftex
))
\adjbox@Width=\dimen117
\adjbox@Height=\dimen118
\adjbox@Depth=\dimen119
\adjbox@Totalheight=\dimen120
\adjbox@pwidth=\dimen121
\adjbox@pheight=\dimen122
\adjbox@pdepth=\dimen123
\adjbox@ptotalheight=\dimen124

(/usr/local/texlive/2018/texmf-dist/tex/latex/ifoddpage/ifoddpage.sty
Package: ifoddpage 2016/04/23 v1.1 Conditionals for odd/even page detection
\c@checkoddpage=\count93
)
(/usr/local/texlive/2018/texmf-dist/tex/latex/varwidth/varwidth.sty
Package: varwidth 2009/03/30 ver 0.92;  Variable-width minipages
\@vwid@box=\box27
\sift@deathcycles=\count94
\@vwid@loff=\dimen125
\@vwid@roff=\dimen126
))
(/usr/local/texlive/2018/texmf-dist/tex/latex/amsmath/amsmath.sty
Package: amsmath 2017/09/02 v2.17a AMS math features
\@mathmargin=\skip43

For additional information on amsmath, use the `?' option.
(/usr/local/texlive/2018/texmf-dist/tex/latex/amsmath/amstext.sty
Package: amstext 2000/06/29 v2.01 AMS text

(/usr/local/texlive/2018/texmf-dist/tex/latex/amsmath/amsgen.sty
File: amsgen.sty 1999/11/30 v2.0 generic functions
\@emptytoks=\toks18
\ex@=\dimen127
))
(/usr/local/texlive/2018/texmf-dist/tex/latex/amsmath/amsbsy.sty
Package: amsbsy 1999/11/29 v1.2d Bold Symbols
\pmbraise@=\dimen128
)
(/usr/local/texlive/2018/texmf-dist/tex/latex/amsmath/amsopn.sty
Package: amsopn 2016/03/08 v2.02 operator names
)
\inf@bad=\count95
LaTeX Info: Redefining \frac on input line 213.
\uproot@=\count96
\leftroot@=\count97
LaTeX Info: Redefining \overline on input line 375.
\classnum@=\count98
\DOTSCASE@=\count99
LaTeX Info: Redefining \ldots on input line 472.
LaTeX Info: Redefining \dots on input line 475.
LaTeX Info: Redefining \cdots on input line 596.
\Mathstrutbox@=\box28
\strutbox@=\box29
\big@size=\dimen129
LaTeX Font Info:    Redeclaring font encoding OML on input line 712.
LaTeX Font Info:    Redeclaring font encoding OMS on input line 713.
\macc@depth=\count100
\c@MaxMatrixCols=\count101
\dotsspace@=\muskip10
\c@parentequation=\count102
\dspbrk@lvl=\count103
\tag@help=\toks19
\row@=\count104
\column@=\count105
\maxfields@=\count106
\andhelp@=\toks20
\eqnshift@=\dimen130
\alignsep@=\dimen131
\tagshift@=\dimen132
\tagwidth@=\dimen133
\totwidth@=\dimen134
\lineht@=\dimen135
\@envbody=\toks21
\multlinegap=\skip44
\multlinetaggap=\skip45
\mathdisplay@stack=\toks22
LaTeX Info: Redefining \[ on input line 2817.
LaTeX Info: Redefining \] on input line 2818.
)
(/usr/local/texlive/2018/texmf-dist/tex/latex/amsfonts/amssymb.sty
Package: amssymb 2013/01/14 v3.01 AMS font symbols

(/usr/local/texlive/2018/texmf-dist/tex/latex/amsfonts/amsfonts.sty
Package: amsfonts 2013/01/14 v3.01 Basic AMSFonts support
\symAMSa=\mathgroup4
\symAMSb=\mathgroup5
LaTeX Font Info:    Overwriting math alphabet `\mathfrak' in version `bold'
(Font)                  U/euf/m/n --> U/euf/b/n on input line 106.
))
(/usr/local/texlive/2018/texmf-dist/tex/latex/breqn/breqn.sty
(/usr/local/texlive/2018/texmf-dist/tex/latex/l3kernel/expl3.sty
Package: expl3 2018/03/05 L3 programming layer (loader) 

(/usr/local/texlive/2018/texmf-dist/tex/latex/l3kernel/expl3-code.tex
Package: expl3 2018/03/05 L3 programming layer (code)
\c_max_int=\count107
\l_tmpa_int=\count108
\l_tmpb_int=\count109
\g_tmpa_int=\count110
\g_tmpb_int=\count111
\g__intarray_font_int=\count112
\g__prg_map_int=\count113
\c_log_iow=\count114
\l_iow_line_count_int=\count115
\l__iow_line_target_int=\count116
\l__iow_one_indent_int=\count117
\l__iow_indent_int=\count118
\c_zero_dim=\dimen136
\c_max_dim=\dimen137
\l_tmpa_dim=\dimen138
\l_tmpb_dim=\dimen139
\g_tmpa_dim=\dimen140
\g_tmpb_dim=\dimen141
\c_zero_skip=\skip46
\c_max_skip=\skip47
\l_tmpa_skip=\skip48
\l_tmpb_skip=\skip49
\g_tmpa_skip=\skip50
\g_tmpb_skip=\skip51
\c_zero_muskip=\muskip11
\c_max_muskip=\muskip12
\l_tmpa_muskip=\muskip13
\l_tmpb_muskip=\muskip14
\g_tmpa_muskip=\muskip15
\g_tmpb_muskip=\muskip16
\l_keys_choice_int=\count119
\c__fp_leading_shift_int=\count120
\c__fp_middle_shift_int=\count121
\c__fp_trailing_shift_int=\count122
\c__fp_big_leading_shift_int=\count123
\c__fp_big_middle_shift_int=\count124
\c__fp_big_trailing_shift_int=\count125
\c__fp_Bigg_leading_shift_int=\count126
\c__fp_Bigg_middle_shift_int=\count127
\c__fp_Bigg_trailing_shift_int=\count128
\c__fp_rand_size_int=\count129
\c__fp_rand_four_int=\count130
\c__fp_rand_eight_int=\count131
\l__sort_length_int=\count132
\l__sort_min_int=\count133
\l__sort_top_int=\count134
\l__sort_max_int=\count135
\l__sort_true_max_int=\count136
\l__sort_block_int=\count137
\l__sort_begin_int=\count138
\l__sort_end_int=\count139
\l__sort_A_int=\count140
\l__sort_B_int=\count141
\l__sort_C_int=\count142
\l__tl_build_start_index_int=\count143
\l__tl_build_index_int=\count144
\l__tl_analysis_normal_int=\count145
\l__tl_analysis_index_int=\count146
\l__tl_analysis_nesting_int=\count147
\l__tl_analysis_type_int=\count148
\l__regex_internal_a_int=\count149
\l__regex_internal_b_int=\count150
\l__regex_internal_c_int=\count151
\l__regex_balance_int=\count152
\l__regex_group_level_int=\count153
\l__regex_mode_int=\count154
\c__regex_cs_in_class_mode_int=\count155
\c__regex_cs_mode_int=\count156
\l__regex_catcodes_int=\count157
\l__regex_default_catcodes_int=\count158
\c__regex_catcode_D_int=\count159
\c__regex_catcode_S_int=\count160
\c__regex_catcode_L_int=\count161
\c__regex_catcode_O_int=\count162
\c__regex_catcode_A_int=\count163
\c__regex_all_catcodes_int=\count164
\l__regex_show_lines_int=\count165
\l__regex_min_state_int=\count166
\l__regex_max_state_int=\count167
\l__regex_left_state_int=\count168
\l__regex_right_state_int=\count169
\l__regex_capturing_group_int=\count170
\l__regex_min_pos_int=\count171
\l__regex_max_pos_int=\count172
\l__regex_curr_pos_int=\count173
\l__regex_start_pos_int=\count174
\l__regex_success_pos_int=\count175
\l__regex_curr_char_int=\count176
\l__regex_curr_catcode_int=\count177
\l__regex_last_char_int=\count178
\l__regex_case_changed_char_int=\count179
\l__regex_curr_state_int=\count180
\l__regex_step_int=\count181
\l__regex_min_active_int=\count182
\l__regex_max_active_int=\count183
\l__regex_replacement_csnames_int=\count184
\l__regex_match_count_int=\count185
\l__regex_min_submatch_int=\count186
\l__regex_submatch_int=\count187
\l__regex_zeroth_submatch_int=\count188
\g__regex_trace_regex_int=\count189
\c_empty_box=\box30
\l_tmpa_box=\box31
\l_tmpb_box=\box32
\g_tmpa_box=\box33
\g_tmpb_box=\box34
\l__box_top_dim=\dimen142
\l__box_bottom_dim=\dimen143
\l__box_left_dim=\dimen144
\l__box_right_dim=\dimen145
\l__box_top_new_dim=\dimen146
\l__box_bottom_new_dim=\dimen147
\l__box_left_new_dim=\dimen148
\l__box_right_new_dim=\dimen149
\l__box_internal_box=\box35
\l__coffin_internal_box=\box36
\l__coffin_internal_dim=\dimen150
\l__coffin_offset_x_dim=\dimen151
\l__coffin_offset_y_dim=\dimen152
\l__coffin_x_dim=\dimen153
\l__coffin_y_dim=\dimen154
\l__coffin_x_prime_dim=\dimen155
\l__coffin_y_prime_dim=\dimen156
\c_empty_coffin=\box37
\l__coffin_aligned_coffin=\box38
\l__coffin_aligned_internal_coffin=\box39
\l_tmpa_coffin=\box40
\l_tmpb_coffin=\box41
\l__coffin_display_coffin=\box42
\l__coffin_display_coord_coffin=\box43
\l__coffin_display_pole_coffin=\box44
\l__coffin_display_offset_dim=\dimen157
\l__coffin_display_x_dim=\dimen158
\l__coffin_display_y_dim=\dimen159
\l__coffin_bounding_shift_dim=\dimen160
\l__coffin_left_corner_dim=\dimen161
\l__coffin_right_corner_dim=\dimen162
\l__coffin_bottom_corner_dim=\dimen163
\l__coffin_top_corner_dim=\dimen164
\l__coffin_scaled_total_height_dim=\dimen165
\l__coffin_scaled_width_dim=\dimen166
)
(/usr/local/texlive/2018/texmf-dist/tex/latex/l3kernel/l3pdfmode.def
File: l3pdfmode.def 2017/03/18 v L3 Experimental driver: PDF mode
\l__driver_color_stack_int=\count190
))
Package: breqn 2017/01/27 v0.98e Breaking equations

(/usr/local/texlive/2018/texmf-dist/tex/latex/breqn/flexisym.sty
Package: flexisym 2017/01/27 v0.98e Make math characters macros
LaTeX Info: Redefining \textprime on input line 300.
LaTeX Info: Redefining \not on input line 358.

(/usr/local/texlive/2018/texmf-dist/tex/latex/breqn/cmbase.sym
File: cmbase.sym 2007/12/19 v0.92
LaTeX Info: Redefining \hbar on input line 325.
LaTeX Info: Redefining \surd on input line 327.
LaTeX Info: Redefining \angle on input line 335.
LaTeX Info: Redefining \neq on input line 336.
LaTeX Info: Redefining \mapsto on input line 337.
LaTeX Info: Redefining \cong on input line 338.
LaTeX Info: Redefining \notin on input line 341.
LaTeX Info: Redefining \rightleftharpoons on input line 342.
LaTeX Info: Redefining \doteq on input line 343.
LaTeX Info: Redefining \hookrightarrow on input line 344.
LaTeX Info: Redefining \hookleftarrow on input line 345.
LaTeX Info: Redefining \bowtie on input line 346.
LaTeX Info: Redefining \models on input line 347.
LaTeX Info: Redefining \Longrightarrow on input line 348.
LaTeX Info: Redefining \longrightarrow on input line 349.
LaTeX Info: Redefining \Longleftarrow on input line 350.
LaTeX Info: Redefining \longleftarrow on input line 351.
LaTeX Info: Redefining \longmapsto on input line 352.
LaTeX Info: Redefining \longleftrightarrow on input line 353.
LaTeX Info: Redefining \Longleftrightarrow on input line 354.
LaTeX Info: Redefining \cdots on input line 358.
LaTeX Info: Redefining \vdots on input line 361.
LaTeX Info: Redefining \ddots on input line 366.
)
(/usr/local/texlive/2018/texmf-dist/tex/latex/breqn/mathstyle.sty
Package: mathstyle 2017/01/27 0.98e Tracking mathstyle implicitly
LaTeX Info: Redefining \displaystyle on input line 93.
LaTeX Info: Redefining \textstyle on input line 95.
LaTeX Info: Redefining \scriptstyle on input line 97.
LaTeX Info: Redefining \scriptscriptstyle on input line 99.
LaTeX Info: Redefining \genfrac on input line 145.
))
(/usr/local/texlive/2018/texmf-dist/tex/latex/tools/calc.sty
Package: calc 2017/05/25 v4.3 Infix arithmetic (KKT,FJ)
\calc@Acount=\count191
\calc@Bcount=\count192
\calc@Adimen=\dimen167
\calc@Bdimen=\dimen168
\calc@Askip=\skip52
\calc@Bskip=\skip53
LaTeX Info: Redefining \setlength on input line 80.
LaTeX Info: Redefining \addtolength on input line 81.
\calc@Ccount=\count193
\calc@Cskip=\skip54
)
\inf@bad=\count194
\maxint=\count195
\listwidth=\dimen169
\eqnumsep=\dimen170
\eqmargin=\dimen171
\eqlinespacing=\skip55
\eqlineskip=\skip56
\eqlineskiplimit=\dimen172
\eqbinoffset=\muskip17
\eqdelimoffset=\muskip18
\eqindentstep=\dimen173
\eqstyle=\toks23
\eqbreakdepth=\count196
\eqinterlinepenalty=\count197
\intereqpenalty=\count198
\intereqskip=\skip57
\prerelpenalty=\count199
\prebinoppenalty=\count266
\Dmedmuskip=\muskip19
\Dthickmuskip=\muskip20
\eqleftskip=\skip58
\eqrightskip=\skip59
\eq@vspan=\skip60
\eq@binoffset=\muskip21
\EQ@box=\box45
\EQ@copy=\box46
\EQ@numbox=\box47
\eq@wdNum=\dimen174
\GRP@numbox=\box48
\grp@wdNum=\dimen175
\eq@lines=\count267
\eq@curline=\count268
\eq@badness=\count269
\EQ@vims=\count270
\eq@dp=\dimen176
\eq@wdL=\dimen177
\eq@wdT=\dimen178
\eq@wdMin=\dimen179
\grp@wdL=\dimen180
\grp@wdR=\dimen181
\grp@wdT=\dimen182
\eq@wdRmax=\dimen183
\eq@firstht=\dimen184
\eq@wdCond=\dimen185
\eq@indentstep=\dimen186
\eq@linewidth=\dimen187
\grp@linewidth=\dimen188
\eq@hshift=\dimen189
\eq@given@sidespace=\dimen190
\mathindent=\dimen191
\eq@final@linecount=\count271
\eq@wdR=\dimen192
\EQ@continue=\toks24
\lr@level=\count272
\GRP@queue=\toks25
\GRP@box=\box49
\GRP@wholebox=\box50
\darraycolsep=\skip61
\cur@row=\count273
\cur@col=\count274
\conditionsep=\skip62
)
(/usr/local/texlive/2018/texmf-dist/tex/latex/graphics/color.sty
Package: color 2016/07/10 v1.1e Standard LaTeX Color (DPC)

(/usr/local/texlive/2018/texmf-dist/tex/latex/graphics-cfg/color.cfg
File: color.cfg 2016/01/02 v1.6 sample color configuration
)
Package color Info: Driver file: pdftex.def on input line 147.
)
(/usr/local/texlive/2018/texmf-dist/tex/latex/caption/caption.sty
Package: caption 2016/02/21 v3.3-144 Customizing captions (AR)

(/usr/local/texlive/2018/texmf-dist/tex/latex/caption/caption3.sty
Package: caption3 2016/05/22 v1.7-166 caption3 kernel (AR)
Package caption3 Info: TeX engine: e-TeX on input line 67.
\captionmargin=\dimen193
\captionmargin@=\dimen194
\captionwidth=\dimen195
\caption@tempdima=\dimen196
\caption@indent=\dimen197
\caption@parindent=\dimen198
\caption@hangindent=\dimen199
)
\c@ContinuedFloat=\count275
)
(/usr/local/texlive/2018/texmf-dist/tex/latex/cite/cite.sty
LaTeX Info: Redefining \cite on input line 302.
LaTeX Info: Redefining \nocite on input line 332.
Package: cite 2015/02/27  v 5.5
)
(/usr/local/texlive/2018/texmf-dist/tex/latex/float/float.sty
Package: float 2001/11/08 v1.3d Float enhancements (AL)
\c@float@type=\count276
\float@exts=\toks26
\float@box=\box51
\@float@everytoks=\toks27
\@floatcapt=\box52
)
(/usr/local/texlive/2018/texmf-dist/tex/latex/fncychap/fncychap.sty
Package: fncychap 2007/07/30 v1.34 LaTeX package (Revised chapters)
\RW=\skip63
\mylen=\skip64
\myhi=\skip65
\px=\skip66
\py=\skip67
\pyy=\skip68
\pxx=\skip69
)
(/usr/local/texlive/2018/texmf-dist/tex/latex/listings/listings.sty
\lst@mode=\count277
\lst@gtempboxa=\box53
\lst@token=\toks28
\lst@length=\count278
\lst@currlwidth=\dimen256
\lst@column=\count279
\lst@pos=\count280
\lst@lostspace=\dimen257
\lst@width=\dimen258
\lst@newlines=\count281
\lst@lineno=\count282
\lst@maxwidth=\dimen259

(/usr/local/texlive/2018/texmf-dist/tex/latex/listings/lstmisc.sty
File: lstmisc.sty 2015/06/04 1.6 (Carsten Heinz)
\c@lstnumber=\count283
\lst@skipnumbers=\count284
\lst@framebox=\box54
)
(/usr/local/texlive/2018/texmf-dist/tex/latex/listings/listings.cfg
File: listings.cfg 2015/06/04 1.6 listings configuration
))
Package: listings 2015/06/04 1.6 (Carsten Heinz)

(/usr/local/texlive/2018/texmf-dist/tex/latex/minted/minted.sty
Package: minted 2017/07/19 v2.5 Yet another Pygments shim for LaTeX

(/usr/local/texlive/2018/texmf-dist/tex/latex/oberdiek/kvoptions.sty
Package: kvoptions 2016/05/16 v3.12 Key value format for package options (HO)

(/usr/local/texlive/2018/texmf-dist/tex/generic/oberdiek/ltxcmds.sty
Package: ltxcmds 2016/05/16 v1.23 LaTeX kernel commands for general use (HO)
)
(/usr/local/texlive/2018/texmf-dist/tex/generic/oberdiek/kvsetkeys.sty
Package: kvsetkeys 2016/05/16 v1.17 Key value parser (HO)

(/usr/local/texlive/2018/texmf-dist/tex/generic/oberdiek/infwarerr.sty
Package: infwarerr 2016/05/16 v1.4 Providing info/warning/error messages (HO)
)
(/usr/local/texlive/2018/texmf-dist/tex/generic/oberdiek/etexcmds.sty
Package: etexcmds 2016/05/16 v1.6 Avoid name clashes with e-TeX commands (HO)

(/usr/local/texlive/2018/texmf-dist/tex/generic/oberdiek/ifluatex.sty
Package: ifluatex 2016/05/16 v1.4 Provides the ifluatex switch (HO)
Package ifluatex Info: LuaTeX not detected.
)
Package etexcmds Info: Could not find \expanded.
(etexcmds)             That can mean that you are not using pdfTeX 1.50 or
(etexcmds)             that some package has redefined \expanded.
(etexcmds)             In the latter case, load this package earlier.
)))
(/usr/local/texlive/2018/texmf-dist/tex/latex/fvextra/fvextra.sty
Package: fvextra 2017/07/08 v1.3.1 fvextra - extensions and patches for fancyvr
b

(/usr/local/texlive/2018/texmf-dist/tex/latex/base/ifthen.sty
Package: ifthen 2014/09/29 v1.1c Standard LaTeX ifthen package (DPC)
)
(/usr/local/texlive/2018/texmf-dist/tex/latex/etoolbox/etoolbox.sty
Package: etoolbox 2018/02/11 v2.5e e-TeX tools for LaTeX (JAW)
\etb@tempcnta=\count285


Package etoolbox Warning: Patching '\end' failed!
(etoolbox)                '\AfterEndEnvironment' will not work.

) (/usr/local/texlive/2018/texmf-dist/tex/latex/fancyvrb/fancyvrb.sty
Package: fancyvrb 2008/02/07

Style option: `fancyvrb' v2.7a, with DG/SPQR fixes, and firstline=lastline fix 
<2008/02/07> (tvz)
\FV@CodeLineNo=\count286
\FV@InFile=\read1
\FV@TabBox=\box55
\c@FancyVerbLine=\count287
\FV@StepNumber=\count288
\FV@OutFile=\write3
)
(/usr/local/texlive/2018/texmf-dist/tex/latex/upquote/upquote.sty
Package: upquote 2012/04/19 v1.3 upright-quote and grave-accent glyphs in verba
tim
)
(/usr/local/texlive/2018/texmf-dist/tex/latex/lineno/lineno.sty
Package: lineno 2005/11/02 line numbers on paragraphs v4.41
\linenopenalty=\count289
\output=\toks29
\linenoprevgraf=\count290
\linenumbersep=\dimen260
\linenumberwidth=\dimen261
\c@linenumber=\count291
\c@pagewiselinenumber=\count292
\c@LN@truepage=\count293
\c@internallinenumber=\count294
\c@internallinenumbers=\count295
\quotelinenumbersep=\dimen262
\bframerule=\dimen263
\bframesep=\dimen264
\bframebox=\box56
LaTeX Info: Redefining \\ on input line 3056.
)
\c@FV@TrueTabGroupLevel=\count296
\c@FV@TrueTabCounter=\count297
\FV@TabBox@Group=\box57
\FV@TmpLength=\skip70
\c@FV@HighlightLinesStart=\count298
\c@FV@HighlightLinesStop=\count299
\FV@LoopCount=\count300
\FV@NCharsBox=\box58
\FV@BreakIndent=\dimen265
\FV@BreakIndentNChars=\count301
\FV@BreakSymbolSepLeft=\dimen266
\FV@BreakSymbolSepLeftNChars=\count302
\FV@BreakSymbolSepRight=\dimen267
\FV@BreakSymbolSepRightNChars=\count303
\FV@BreakSymbolIndentLeft=\dimen268
\FV@BreakSymbolIndentLeftNChars=\count304
\FV@BreakSymbolIndentRight=\dimen269
\FV@BreakSymbolIndentRightNChars=\count305
\c@FancyVerbLineBreakLast=\count306
\FV@LineBox=\box59
\FV@LineIndentBox=\box60
)
(/usr/local/texlive/2018/texmf-dist/tex/latex/tools/shellesc.sty
Package: shellesc 2016/06/07 v0.02a unified shell escape interface for LaTeX
Package shellesc Info: Unrestricted shell escape enabled on input line 67.
)
(/usr/local/texlive/2018/texmf-dist/tex/latex/ifplatform/ifplatform.sty
Package: ifplatform 2017/10/13 v0.4a Testing for the operating system

(/usr/local/texlive/2018/texmf-dist/tex/generic/oberdiek/pdftexcmds.sty
Package: pdftexcmds 2018/01/30 v0.27 Utility functions of pdfTeX for LuaTeX (HO
)
Package pdftexcmds Info: LuaTeX not detected.
Package pdftexcmds Info: \pdf@primitive is available.
Package pdftexcmds Info: \pdf@ifprimitive is available.
Package pdftexcmds Info: \pdfdraftmode found.
)
(/usr/local/texlive/2018/texmf-dist/tex/generic/oberdiek/catchfile.sty
Package: catchfile 2016/05/16 v1.7 Catch the contents of a file (HO)
)
runsystem(uname -s > "tutorial.3.w18")...executed.


(./tutorial.3.w18)
runsystem(rm -- "tutorial.3.w18")...executed.

)
(/usr/local/texlive/2018/texmf-dist/tex/generic/xstring/xstring.sty
(/usr/local/texlive/2018/texmf-dist/tex/generic/xstring/xstring.tex
\@xs@message=\write4
\integerpart=\count307
\decimalpart=\count308
)
Package: xstring 2013/10/13  v1.7c  String manipulations (C Tellechea)
)
(/usr/local/texlive/2018/texmf-dist/tex/latex/framed/framed.sty
Package: framed 2011/10/22 v 0.96: framed or shaded text with page breaks
\OuterFrameSep=\skip71
\fb@frw=\dimen270
\fb@frh=\dimen271
\FrameRule=\dimen272
\FrameSep=\dimen273
)
\minted@appexistsfile=\read2
\minted@bgbox=\box61
\minted@code=\write5
\c@minted@FancyVerbLineTemp=\count309
\c@minted@pygmentizecounter=\count310
\@float@every@listing=\toks30
\c@listing=\count311
)
runsystem(mkdir -p _minted-tutorial.3)...executed.


(/usr/local/texlive/2018/texmf-dist/tex/generic/dvips/rotate.sty
\@rotdimen=\dimen274
\@rotbox=\box62
)
(/usr/local/texlive/2018/texmf-dist/tex/latex/pgf/frontendlayer/tikz.sty
(/usr/local/texlive/2018/texmf-dist/tex/latex/pgf/basiclayer/pgf.sty
(/usr/local/texlive/2018/texmf-dist/tex/latex/pgf/utilities/pgfrcs.sty
(/usr/local/texlive/2018/texmf-dist/tex/generic/pgf/utilities/pgfutil-common.te
x
\pgfutil@everybye=\toks31
\pgfutil@tempdima=\dimen275
\pgfutil@tempdimb=\dimen276

(/usr/local/texlive/2018/texmf-dist/tex/generic/pgf/utilities/pgfutil-common-li
sts.tex))
(/usr/local/texlive/2018/texmf-dist/tex/generic/pgf/utilities/pgfutil-latex.def
\pgfutil@abb=\box63
(/usr/local/texlive/2018/texmf-dist/tex/latex/ms/everyshi.sty
Package: everyshi 2001/05/15 v3.00 EveryShipout Package (MS)
))
(/usr/local/texlive/2018/texmf-dist/tex/generic/pgf/utilities/pgfrcs.code.tex
Package: pgfrcs 2015/08/07 v3.0.1a (rcs-revision 1.31)
))
Package: pgf 2015/08/07 v3.0.1a (rcs-revision 1.15)
(/usr/local/texlive/2018/texmf-dist/tex/latex/pgf/basiclayer/pgfcore.sty
(/usr/local/texlive/2018/texmf-dist/tex/latex/pgf/systemlayer/pgfsys.sty
(/usr/local/texlive/2018/texmf-dist/tex/generic/pgf/systemlayer/pgfsys.code.tex
Package: pgfsys 2014/07/09 v3.0.1a (rcs-revision 1.48)
(/usr/local/texlive/2018/texmf-dist/tex/generic/pgf/utilities/pgfkeys.code.tex
\pgfkeys@pathtoks=\toks32
\pgfkeys@temptoks=\toks33

(/usr/local/texlive/2018/texmf-dist/tex/generic/pgf/utilities/pgfkeysfiltered.c
ode.tex
\pgfkeys@tmptoks=\toks34
))
\pgf@x=\dimen277
\pgf@y=\dimen278
\pgf@xa=\dimen279
\pgf@ya=\dimen280
\pgf@xb=\dimen281
\pgf@yb=\dimen282
\pgf@xc=\dimen283
\pgf@yc=\dimen284
\w@pgf@writea=\write6
\r@pgf@reada=\read3
\c@pgf@counta=\count312
\c@pgf@countb=\count313
\c@pgf@countc=\count314
\c@pgf@countd=\count315
\t@pgf@toka=\toks35
\t@pgf@tokb=\toks36
\t@pgf@tokc=\toks37

(/usr/local/texlive/2018/texmf-dist/tex/generic/pgf/systemlayer/pgf.cfg
File: pgf.cfg 2008/05/14  (rcs-revision 1.7)
)
Driver file for pgf: pgfsys-pdftex.def

(/usr/local/texlive/2018/texmf-dist/tex/generic/pgf/systemlayer/pgfsys-pdftex.d
ef
File: pgfsys-pdftex.def 2014/10/11  (rcs-revision 1.35)

(/usr/local/texlive/2018/texmf-dist/tex/generic/pgf/systemlayer/pgfsys-common-p
df.def
File: pgfsys-common-pdf.def 2013/10/10  (rcs-revision 1.13)
)))
(/usr/local/texlive/2018/texmf-dist/tex/generic/pgf/systemlayer/pgfsyssoftpath.
code.tex
File: pgfsyssoftpath.code.tex 2013/09/09  (rcs-revision 1.9)
\pgfsyssoftpath@smallbuffer@items=\count316
\pgfsyssoftpath@bigbuffer@items=\count317
)
(/usr/local/texlive/2018/texmf-dist/tex/generic/pgf/systemlayer/pgfsysprotocol.
code.tex
File: pgfsysprotocol.code.tex 2006/10/16  (rcs-revision 1.4)
)) (/usr/local/texlive/2018/texmf-dist/tex/latex/xcolor/xcolor.sty
Package: xcolor 2016/05/11 v2.12 LaTeX color extensions (UK)

(/usr/local/texlive/2018/texmf-dist/tex/latex/graphics-cfg/color.cfg
File: color.cfg 2016/01/02 v1.6 sample color configuration
)
Package xcolor Info: Driver file: pdftex.def on input line 225.
LaTeX Info: Redefining \color on input line 709.
Package xcolor Info: Model `cmy' substituted by `cmy0' on input line 1348.
Package xcolor Info: Model `hsb' substituted by `rgb' on input line 1352.
Package xcolor Info: Model `RGB' extended on input line 1364.
Package xcolor Info: Model `HTML' substituted by `rgb' on input line 1366.
Package xcolor Info: Model `Hsb' substituted by `hsb' on input line 1367.
Package xcolor Info: Model `tHsb' substituted by `hsb' on input line 1368.
Package xcolor Info: Model `HSB' substituted by `hsb' on input line 1369.
Package xcolor Info: Model `Gray' substituted by `gray' on input line 1370.
Package xcolor Info: Model `wave' substituted by `hsb' on input line 1371.
)
(/usr/local/texlive/2018/texmf-dist/tex/generic/pgf/basiclayer/pgfcore.code.tex
Package: pgfcore 2010/04/11 v3.0.1a (rcs-revision 1.7)
(/usr/local/texlive/2018/texmf-dist/tex/generic/pgf/math/pgfmath.code.tex
(/usr/local/texlive/2018/texmf-dist/tex/generic/pgf/math/pgfmathcalc.code.tex
(/usr/local/texlive/2018/texmf-dist/tex/generic/pgf/math/pgfmathutil.code.tex)
(/usr/local/texlive/2018/texmf-dist/tex/generic/pgf/math/pgfmathparser.code.tex
\pgfmath@dimen=\dimen285
\pgfmath@count=\count318
\pgfmath@box=\box64
\pgfmath@toks=\toks38
\pgfmath@stack@operand=\toks39
\pgfmath@stack@operation=\toks40
)
(/usr/local/texlive/2018/texmf-dist/tex/generic/pgf/math/pgfmathfunctions.code.
tex
(/usr/local/texlive/2018/texmf-dist/tex/generic/pgf/math/pgfmathfunctions.basic
.code.tex)
(/usr/local/texlive/2018/texmf-dist/tex/generic/pgf/math/pgfmathfunctions.trigo
nometric.code.tex)
(/usr/local/texlive/2018/texmf-dist/tex/generic/pgf/math/pgfmathfunctions.rando
m.code.tex)
(/usr/local/texlive/2018/texmf-dist/tex/generic/pgf/math/pgfmathfunctions.compa
rison.code.tex)
(/usr/local/texlive/2018/texmf-dist/tex/generic/pgf/math/pgfmathfunctions.base.
code.tex)
(/usr/local/texlive/2018/texmf-dist/tex/generic/pgf/math/pgfmathfunctions.round
.code.tex)
(/usr/local/texlive/2018/texmf-dist/tex/generic/pgf/math/pgfmathfunctions.misc.
code.tex)
(/usr/local/texlive/2018/texmf-dist/tex/generic/pgf/math/pgfmathfunctions.integ
erarithmetics.code.tex)))
(/usr/local/texlive/2018/texmf-dist/tex/generic/pgf/math/pgfmathfloat.code.tex
\c@pgfmathroundto@lastzeros=\count319
))
(/usr/local/texlive/2018/texmf-dist/tex/generic/pgf/basiclayer/pgfcorepoints.co
de.tex
File: pgfcorepoints.code.tex 2013/10/07  (rcs-revision 1.27)
\pgf@picminx=\dimen286
\pgf@picmaxx=\dimen287
\pgf@picminy=\dimen288
\pgf@picmaxy=\dimen289
\pgf@pathminx=\dimen290
\pgf@pathmaxx=\dimen291
\pgf@pathminy=\dimen292
\pgf@pathmaxy=\dimen293
\pgf@xx=\dimen294
\pgf@xy=\dimen295
\pgf@yx=\dimen296
\pgf@yy=\dimen297
\pgf@zx=\dimen298
\pgf@zy=\dimen299
)
(/usr/local/texlive/2018/texmf-dist/tex/generic/pgf/basiclayer/pgfcorepathconst
ruct.code.tex
File: pgfcorepathconstruct.code.tex 2013/10/07  (rcs-revision 1.29)
\pgf@path@lastx=\dimen300
\pgf@path@lasty=\dimen301
)
(/usr/local/texlive/2018/texmf-dist/tex/generic/pgf/basiclayer/pgfcorepathusage
.code.tex
File: pgfcorepathusage.code.tex 2014/11/02  (rcs-revision 1.24)
\pgf@shorten@end@additional=\dimen302
\pgf@shorten@start@additional=\dimen303
)
(/usr/local/texlive/2018/texmf-dist/tex/generic/pgf/basiclayer/pgfcorescopes.co
de.tex
File: pgfcorescopes.code.tex 2015/05/08  (rcs-revision 1.46)
\pgfpic=\box65
\pgf@hbox=\box66
\pgf@layerbox@main=\box67
\pgf@picture@serial@count=\count320
)
(/usr/local/texlive/2018/texmf-dist/tex/generic/pgf/basiclayer/pgfcoregraphicst
ate.code.tex
File: pgfcoregraphicstate.code.tex 2014/11/02  (rcs-revision 1.12)
\pgflinewidth=\dimen304
)
(/usr/local/texlive/2018/texmf-dist/tex/generic/pgf/basiclayer/pgfcoretransform
ations.code.tex
File: pgfcoretransformations.code.tex 2015/08/07  (rcs-revision 1.20)
\pgf@pt@x=\dimen305
\pgf@pt@y=\dimen306
\pgf@pt@temp=\dimen307
)
(/usr/local/texlive/2018/texmf-dist/tex/generic/pgf/basiclayer/pgfcorequick.cod
e.tex
File: pgfcorequick.code.tex 2008/10/09  (rcs-revision 1.3)
)
(/usr/local/texlive/2018/texmf-dist/tex/generic/pgf/basiclayer/pgfcoreobjects.c
ode.tex
File: pgfcoreobjects.code.tex 2006/10/11  (rcs-revision 1.2)
)
(/usr/local/texlive/2018/texmf-dist/tex/generic/pgf/basiclayer/pgfcorepathproce
ssing.code.tex
File: pgfcorepathprocessing.code.tex 2013/09/09  (rcs-revision 1.9)
)
(/usr/local/texlive/2018/texmf-dist/tex/generic/pgf/basiclayer/pgfcorearrows.co
de.tex
File: pgfcorearrows.code.tex 2015/05/14  (rcs-revision 1.43)
\pgfarrowsep=\dimen308
)
(/usr/local/texlive/2018/texmf-dist/tex/generic/pgf/basiclayer/pgfcoreshade.cod
e.tex
File: pgfcoreshade.code.tex 2013/07/15  (rcs-revision 1.15)
\pgf@max=\dimen309
\pgf@sys@shading@range@num=\count321
)
(/usr/local/texlive/2018/texmf-dist/tex/generic/pgf/basiclayer/pgfcoreimage.cod
e.tex
File: pgfcoreimage.code.tex 2013/07/15  (rcs-revision 1.18)

(/usr/local/texlive/2018/texmf-dist/tex/generic/pgf/basiclayer/pgfcoreexternal.
code.tex
File: pgfcoreexternal.code.tex 2014/07/09  (rcs-revision 1.21)
\pgfexternal@startupbox=\box68
))
(/usr/local/texlive/2018/texmf-dist/tex/generic/pgf/basiclayer/pgfcorelayers.co
de.tex
File: pgfcorelayers.code.tex 2013/07/18  (rcs-revision 1.7)
)
(/usr/local/texlive/2018/texmf-dist/tex/generic/pgf/basiclayer/pgfcoretranspare
ncy.code.tex
File: pgfcoretransparency.code.tex 2013/09/30  (rcs-revision 1.5)
)
(/usr/local/texlive/2018/texmf-dist/tex/generic/pgf/basiclayer/pgfcorepatterns.
code.tex
File: pgfcorepatterns.code.tex 2013/11/07  (rcs-revision 1.5)
)))
(/usr/local/texlive/2018/texmf-dist/tex/generic/pgf/modules/pgfmoduleshapes.cod
e.tex
File: pgfmoduleshapes.code.tex 2014/03/21  (rcs-revision 1.35)
\pgfnodeparttextbox=\box69
)
(/usr/local/texlive/2018/texmf-dist/tex/generic/pgf/modules/pgfmoduleplot.code.
tex
File: pgfmoduleplot.code.tex 2015/08/03  (rcs-revision 1.13)
)
(/usr/local/texlive/2018/texmf-dist/tex/latex/pgf/compatibility/pgfcomp-version
-0-65.sty
Package: pgfcomp-version-0-65 2007/07/03 v3.0.1a (rcs-revision 1.7)
\pgf@nodesepstart=\dimen310
\pgf@nodesepend=\dimen311
)
(/usr/local/texlive/2018/texmf-dist/tex/latex/pgf/compatibility/pgfcomp-version
-1-18.sty
Package: pgfcomp-version-1-18 2007/07/23 v3.0.1a (rcs-revision 1.1)
))
(/usr/local/texlive/2018/texmf-dist/tex/latex/pgf/utilities/pgffor.sty
(/usr/local/texlive/2018/texmf-dist/tex/latex/pgf/utilities/pgfkeys.sty
(/usr/local/texlive/2018/texmf-dist/tex/generic/pgf/utilities/pgfkeys.code.tex)
) (/usr/local/texlive/2018/texmf-dist/tex/latex/pgf/math/pgfmath.sty
(/usr/local/texlive/2018/texmf-dist/tex/generic/pgf/math/pgfmath.code.tex))
(/usr/local/texlive/2018/texmf-dist/tex/generic/pgf/utilities/pgffor.code.tex
Package: pgffor 2013/12/13 v3.0.1a (rcs-revision 1.25)

(/usr/local/texlive/2018/texmf-dist/tex/generic/pgf/math/pgfmath.code.tex)
\pgffor@iter=\dimen312
\pgffor@skip=\dimen313
\pgffor@stack=\toks41
\pgffor@toks=\toks42
))
(/usr/local/texlive/2018/texmf-dist/tex/generic/pgf/frontendlayer/tikz/tikz.cod
e.tex
Package: tikz 2015/08/07 v3.0.1a (rcs-revision 1.151)

(/usr/local/texlive/2018/texmf-dist/tex/generic/pgf/libraries/pgflibraryplothan
dlers.code.tex
File: pgflibraryplothandlers.code.tex 2013/08/31 v3.0.1a (rcs-revision 1.20)
\pgf@plot@mark@count=\count322
\pgfplotmarksize=\dimen314
)
\tikz@lastx=\dimen315
\tikz@lasty=\dimen316
\tikz@lastxsaved=\dimen317
\tikz@lastysaved=\dimen318
\tikzleveldistance=\dimen319
\tikzsiblingdistance=\dimen320
\tikz@figbox=\box70
\tikz@figbox@bg=\box71
\tikz@tempbox=\box72
\tikz@tempbox@bg=\box73
\tikztreelevel=\count323
\tikznumberofchildren=\count324
\tikznumberofcurrentchild=\count325
\tikz@fig@count=\count326

(/usr/local/texlive/2018/texmf-dist/tex/generic/pgf/modules/pgfmodulematrix.cod
e.tex
File: pgfmodulematrix.code.tex 2013/09/17  (rcs-revision 1.8)
\pgfmatrixcurrentrow=\count327
\pgfmatrixcurrentcolumn=\count328
\pgf@matrix@numberofcolumns=\count329
)
\tikz@expandcount=\count330

(/usr/local/texlive/2018/texmf-dist/tex/generic/pgf/frontendlayer/tikz/librarie
s/tikzlibrarytopaths.code.tex
File: tikzlibrarytopaths.code.tex 2008/06/17 v3.0.1a (rcs-revision 1.2)
)))
(/usr/local/texlive/2018/texmf-dist/tex/latex/appendix/appendix.sty
Package: appendix 2009/09/02 v1.2b extra appendix facilities
\c@@pps=\count331
\c@@ppsavesec=\count332
\c@@ppsaveapp=\count333
)
(/usr/local/texlive/2018/texmf-dist/tex/latex/url/url.sty
\Urlmuskip=\muskip22
Package: url 2013/09/16  ver 3.4  Verb mode for urls, etc.
)
(/usr/local/texlive/2018/texmf-dist/tex/latex/base/inputenc.sty
Package: inputenc 2018/04/06 v1.3b Input encoding file
\inpenc@prehook=\toks43
\inpenc@posthook=\toks44
)
(/usr/local/texlive/2018/texmf-dist/tex/generic/babel/babel.sty
Package: babel 2018/02/14 3.18 The Babel package

(/usr/local/texlive/2018/texmf-dist/tex/generic/babel/switch.def
File: switch.def 2018/02/14 3.18 Babel switching mechanism
)
(/usr/local/texlive/2018/texmf-dist/tex/generic/babel-english/english.ldf
Language: english 2017/06/06 v3.3r English support from the babel system

(/usr/local/texlive/2018/texmf-dist/tex/generic/babel/babel.def
File: babel.def 2018/02/14 3.18 Babel common definitions
\babel@savecnt=\count334
\U@D=\dimen321

(/usr/local/texlive/2018/texmf-dist/tex/generic/babel/txtbabel.def)
\bbl@dirlevel=\count335
)
\l@canadian = a dialect from \language\l@american 
\l@australian = a dialect from \language\l@british 
\l@newzealand = a dialect from \language\l@british 
))
(/usr/local/texlive/2018/texmf-dist/tex/latex/listings/lstlang1.sty
File: lstlang1.sty 2015/06/04 1.6 listings language file
)
runsystem(which pygmentize && touch tutorial.3.aex)...executed.

runsystem(rm tutorial.3.aex)...executed.


(./tutorial.3.aux)
\openout1 = `tutorial.3.aux'.

LaTeX Font Info:    Checking defaults for OML/cmm/m/it on input line 65.
LaTeX Font Info:    ... okay on input line 65.
LaTeX Font Info:    Checking defaults for T1/cmr/m/n on input line 65.
LaTeX Font Info:    ... okay on input line 65.
LaTeX Font Info:    Checking defaults for OT1/cmr/m/n on input line 65.
LaTeX Font Info:    ... okay on input line 65.
LaTeX Font Info:    Checking defaults for OMS/cmsy/m/n on input line 65.
LaTeX Font Info:    ... okay on input line 65.
LaTeX Font Info:    Checking defaults for OMX/cmex/m/n on input line 65.
LaTeX Font Info:    ... okay on input line 65.
LaTeX Font Info:    Checking defaults for U/cmr/m/n on input line 65.
LaTeX Font Info:    ... okay on input line 65.

*geometry* driver: auto-detecting
*geometry* detected driver: pdftex
*geometry* verbose mode - [ preamble ] result:
* driver: pdftex
* paper: <default>
* layout: <same size as paper>
* layoutoffset:(h,v)=(0.0pt,0.0pt)
* modes: 
* h-part:(L,W,R)=(115.63243pt, 419.16513pt, 79.49744pt)
* v-part:(T,H,B)=(79.49744pt, 607.06755pt, 108.405pt)
* \paperwidth=614.295pt
* \paperheight=794.96999pt
* \textwidth=419.16513pt
* \textheight=607.06755pt
* \oddsidemargin=43.36244pt
* \evensidemargin=43.36244pt
* \topmargin=-24.64635pt
* \headheight=12.0pt
* \headsep=19.8738pt
* \topskip=12.0pt
* \footskip=30.0pt
* \marginparwidth=47.0pt
* \marginparsep=7.0pt
* \columnsep=10.0pt
* \skip\footins=10.8pt plus 4.0pt minus 2.0pt
* \hoffset=0.0pt
* \voffset=0.0pt
* \mag=1000
* \@twocolumnfalse
* \@twosidefalse
* \@mparswitchfalse
* \@reversemarginfalse
* (1in=72.27pt=25.4mm, 1cm=28.453pt)

(/usr/local/texlive/2018/texmf-dist/tex/context/base/mkii/supp-pdf.mkii
[Loading MPS to PDF converter (version 2006.09.02).]
\scratchcounter=\count336
\scratchdimen=\dimen322
\scratchbox=\box74
\nofMPsegments=\count337
\nofMParguments=\count338
\everyMPshowfont=\toks45
\MPscratchCnt=\count339
\MPscratchDim=\dimen323
\MPnumerator=\count340
\makeMPintoPDFobject=\count341
\everyMPtoPDFconversion=\toks46
) (/usr/local/texlive/2018/texmf-dist/tex/latex/oberdiek/epstopdf-base.sty
Package: epstopdf-base 2016/05/15 v2.6 Base part for package epstopdf

(/usr/local/texlive/2018/texmf-dist/tex/latex/oberdiek/grfext.sty
Package: grfext 2016/05/16 v1.2 Manage graphics extensions (HO)

(/usr/local/texlive/2018/texmf-dist/tex/generic/oberdiek/kvdefinekeys.sty
Package: kvdefinekeys 2016/05/16 v1.4 Define keys (HO)
))
Package epstopdf-base Info: Redefining graphics rule for `.eps' on input line 4
38.
Package grfext Info: Graphics extension search list:
(grfext)             [.pdf,.png,.jpg,.mps,.jpeg,.jbig2,.jb2,.PDF,.PNG,.JPG,.JPE
G,.JBIG2,.JB2,.eps]
(grfext)             \AppendGraphicsExtensions on input line 456.

(/usr/local/texlive/2018/texmf-dist/tex/latex/latexconfig/epstopdf-sys.cfg
File: epstopdf-sys.cfg 2010/07/13 v1.3 Configuration of (r)epstopdf for TeX Liv
e
))
Package caption Info: Begin \AtBeginDocument code.
Package caption Info: float package is loaded.
Package caption Info: listings package is loaded.
Package caption Info: End \AtBeginDocument code.

(/usr/local/texlive/2018/texmf-dist/tex/latex/base/textcomp.sty
Package: textcomp 2017/04/05 v2.0i Standard LaTeX package
Package textcomp Info: Sub-encoding information:
(textcomp)               5 = only ISO-Adobe without \textcurrency
(textcomp)               4 = 5 + \texteuro
(textcomp)               3 = 4 + \textohm
(textcomp)               2 = 3 + \textestimated + \textcurrency
(textcomp)               1 = TS1 - \textcircled - \t
(textcomp)               0 = TS1 (full)
(textcomp)             Font families with sub-encoding setting implement
(textcomp)             only a restricted character set as indicated.
(textcomp)             Family '?' is the default used for unknown fonts.
(textcomp)             See the documentation for details.
Package textcomp Info: Setting ? sub-encoding to TS1/1 on input line 79.

(/usr/local/texlive/2018/texmf-dist/tex/latex/base/ts1enc.def
File: ts1enc.def 2001/06/05 v3.0e (jk/car/fm) Standard LaTeX file
Now handling font encoding TS1 ...
... processing UTF-8 mapping file for font encoding TS1

(/usr/local/texlive/2018/texmf-dist/tex/latex/base/ts1enc.dfu
File: ts1enc.dfu 2018/04/05 v1.2c UTF-8 support for inputenc
   defining Unicode char U+00A2 (decimal 162)
   defining Unicode char U+00A3 (decimal 163)
   defining Unicode char U+00A4 (decimal 164)
   defining Unicode char U+00A5 (decimal 165)
   defining Unicode char U+00A6 (decimal 166)
   defining Unicode char U+00A7 (decimal 167)
   defining Unicode char U+00A8 (decimal 168)
   defining Unicode char U+00A9 (decimal 169)
   defining Unicode char U+00AA (decimal 170)
   defining Unicode char U+00AC (decimal 172)
   defining Unicode char U+00AE (decimal 174)
   defining Unicode char U+00AF (decimal 175)
   defining Unicode char U+00B0 (decimal 176)
   defining Unicode char U+00B1 (decimal 177)
   defining Unicode char U+00B2 (decimal 178)
   defining Unicode char U+00B3 (decimal 179)
   defining Unicode char U+00B4 (decimal 180)
   defining Unicode char U+00B5 (decimal 181)
   defining Unicode char U+00B6 (decimal 182)
   defining Unicode char U+00B7 (decimal 183)
   defining Unicode char U+00B9 (decimal 185)
   defining Unicode char U+00BA (decimal 186)
   defining Unicode char U+00BC (decimal 188)
   defining Unicode char U+00BD (decimal 189)
   defining Unicode char U+00BE (decimal 190)
   defining Unicode char U+00D7 (decimal 215)
   defining Unicode char U+00F7 (decimal 247)
   defining Unicode char U+0192 (decimal 402)
   defining Unicode char U+02C7 (decimal 711)
   defining Unicode char U+02D8 (decimal 728)
   defining Unicode char U+02DD (decimal 733)
   defining Unicode char U+0E3F (decimal 3647)
   defining Unicode char U+2016 (decimal 8214)
   defining Unicode char U+2020 (decimal 8224)
   defining Unicode char U+2021 (decimal 8225)
   defining Unicode char U+2022 (decimal 8226)
   defining Unicode char U+2030 (decimal 8240)
   defining Unicode char U+2031 (decimal 8241)
   defining Unicode char U+203B (decimal 8251)
   defining Unicode char U+203D (decimal 8253)
   defining Unicode char U+2044 (decimal 8260)
   defining Unicode char U+204E (decimal 8270)
   defining Unicode char U+2052 (decimal 8274)
   defining Unicode char U+20A1 (decimal 8353)
   defining Unicode char U+20A4 (decimal 8356)
   defining Unicode char U+20A6 (decimal 8358)
   defining Unicode char U+20A9 (decimal 8361)
   defining Unicode char U+20AB (decimal 8363)
   defining Unicode char U+20AC (decimal 8364)
   defining Unicode char U+20B1 (decimal 8369)
   defining Unicode char U+2103 (decimal 8451)
   defining Unicode char U+2116 (decimal 8470)
   defining Unicode char U+2117 (decimal 8471)
   defining Unicode char U+211E (decimal 8478)
   defining Unicode char U+2120 (decimal 8480)
   defining Unicode char U+2122 (decimal 8482)
   defining Unicode char U+2126 (decimal 8486)
   defining Unicode char U+2127 (decimal 8487)
   defining Unicode char U+212E (decimal 8494)
   defining Unicode char U+2190 (decimal 8592)
   defining Unicode char U+2191 (decimal 8593)
   defining Unicode char U+2192 (decimal 8594)
   defining Unicode char U+2193 (decimal 8595)
   defining Unicode char U+2329 (decimal 9001)
   defining Unicode char U+232A (decimal 9002)
   defining Unicode char U+2422 (decimal 9250)
   defining Unicode char U+25E6 (decimal 9702)
   defining Unicode char U+25EF (decimal 9711)
   defining Unicode char U+266A (decimal 9834)
   defining Unicode char U+FEFF (decimal 65279)
))
LaTeX Info: Redefining \oldstylenums on input line 334.
Package textcomp Info: Setting cmr sub-encoding to TS1/0 on input line 349.
Package textcomp Info: Setting cmss sub-encoding to TS1/0 on input line 350.
Package textcomp Info: Setting cmtt sub-encoding to TS1/0 on input line 351.
Package textcomp Info: Setting cmvtt sub-encoding to TS1/0 on input line 352.
Package textcomp Info: Setting cmbr sub-encoding to TS1/0 on input line 353.
Package textcomp Info: Setting cmtl sub-encoding to TS1/0 on input line 354.
Package textcomp Info: Setting ccr sub-encoding to TS1/0 on input line 355.
Package textcomp Info: Setting ptm sub-encoding to TS1/4 on input line 356.
Package textcomp Info: Setting pcr sub-encoding to TS1/4 on input line 357.
Package textcomp Info: Setting phv sub-encoding to TS1/4 on input line 358.
Package textcomp Info: Setting ppl sub-encoding to TS1/3 on input line 359.
Package textcomp Info: Setting pag sub-encoding to TS1/4 on input line 360.
Package textcomp Info: Setting pbk sub-encoding to TS1/4 on input line 361.
Package textcomp Info: Setting pnc sub-encoding to TS1/4 on input line 362.
Package textcomp Info: Setting pzc sub-encoding to TS1/4 on input line 363.
Package textcomp Info: Setting bch sub-encoding to TS1/4 on input line 364.
Package textcomp Info: Setting put sub-encoding to TS1/5 on input line 365.
Package textcomp Info: Setting uag sub-encoding to TS1/5 on input line 366.
Package textcomp Info: Setting ugq sub-encoding to TS1/5 on input line 367.
Package textcomp Info: Setting ul8 sub-encoding to TS1/4 on input line 368.
Package textcomp Info: Setting ul9 sub-encoding to TS1/4 on input line 369.
Package textcomp Info: Setting augie sub-encoding to TS1/5 on input line 370.
Package textcomp Info: Setting dayrom sub-encoding to TS1/3 on input line 371.
Package textcomp Info: Setting dayroms sub-encoding to TS1/3 on input line 372.

Package textcomp Info: Setting pxr sub-encoding to TS1/0 on input line 373.
Package textcomp Info: Setting pxss sub-encoding to TS1/0 on input line 374.
Package textcomp Info: Setting pxtt sub-encoding to TS1/0 on input line 375.
Package textcomp Info: Setting txr sub-encoding to TS1/0 on input line 376.
Package textcomp Info: Setting txss sub-encoding to TS1/0 on input line 377.
Package textcomp Info: Setting txtt sub-encoding to TS1/0 on input line 378.
Package textcomp Info: Setting lmr sub-encoding to TS1/0 on input line 379.
Package textcomp Info: Setting lmdh sub-encoding to TS1/0 on input line 380.
Package textcomp Info: Setting lmss sub-encoding to TS1/0 on input line 381.
Package textcomp Info: Setting lmssq sub-encoding to TS1/0 on input line 382.
Package textcomp Info: Setting lmvtt sub-encoding to TS1/0 on input line 383.
Package textcomp Info: Setting lmtt sub-encoding to TS1/0 on input line 384.
Package textcomp Info: Setting qhv sub-encoding to TS1/0 on input line 385.
Package textcomp Info: Setting qag sub-encoding to TS1/0 on input line 386.
Package textcomp Info: Setting qbk sub-encoding to TS1/0 on input line 387.
Package textcomp Info: Setting qcr sub-encoding to TS1/0 on input line 388.
Package textcomp Info: Setting qcs sub-encoding to TS1/0 on input line 389.
Package textcomp Info: Setting qpl sub-encoding to TS1/0 on input line 390.
Package textcomp Info: Setting qtm sub-encoding to TS1/0 on input line 391.
Package textcomp Info: Setting qzc sub-encoding to TS1/0 on input line 392.
Package textcomp Info: Setting qhvc sub-encoding to TS1/0 on input line 393.
Package textcomp Info: Setting futs sub-encoding to TS1/4 on input line 394.
Package textcomp Info: Setting futx sub-encoding to TS1/4 on input line 395.
Package textcomp Info: Setting futj sub-encoding to TS1/4 on input line 396.
Package textcomp Info: Setting hlh sub-encoding to TS1/3 on input line 397.
Package textcomp Info: Setting hls sub-encoding to TS1/3 on input line 398.
Package textcomp Info: Setting hlst sub-encoding to TS1/3 on input line 399.
Package textcomp Info: Setting hlct sub-encoding to TS1/5 on input line 400.
Package textcomp Info: Setting hlx sub-encoding to TS1/5 on input line 401.
Package textcomp Info: Setting hlce sub-encoding to TS1/5 on input line 402.
Package textcomp Info: Setting hlcn sub-encoding to TS1/5 on input line 403.
Package textcomp Info: Setting hlcw sub-encoding to TS1/5 on input line 404.
Package textcomp Info: Setting hlcf sub-encoding to TS1/5 on input line 405.
Package textcomp Info: Setting pplx sub-encoding to TS1/3 on input line 406.
Package textcomp Info: Setting pplj sub-encoding to TS1/3 on input line 407.
Package textcomp Info: Setting ptmx sub-encoding to TS1/4 on input line 408.
Package textcomp Info: Setting ptmj sub-encoding to TS1/4 on input line 409.
)
\c@lstlisting=\count342

ABD: EveryShipout initializing macros [1



{/usr/local/texlive/2018/texmf-var/fonts/map/pdftex/updmap/pdftex.map}] (./tuto
rial.3.toc
LaTeX Font Info:    Try loading font information for U+msa on input line 3.

(/usr/local/texlive/2018/texmf-dist/tex/latex/amsfonts/umsa.fd
File: umsa.fd 2013/01/14 v3.01 AMS symbols A
)
LaTeX Font Info:    Try loading font information for U+msb on input line 3.

(/usr/local/texlive/2018/texmf-dist/tex/latex/amsfonts/umsb.fd
File: umsb.fd 2013/01/14 v3.01 AMS symbols B
) [1

])
\tf@toc=\write7
\openout7 = `tutorial.3.toc'.

 [2]
[3] [1

] [2

] [3]
Overfull \hbox (6.1859pt too wide) in paragraph at lines 165--166
\OT1/cmr/m/n/12 ques-tion 1. In con-trast, \OT1/cmr/m/it/12 ques-tion[]1[]\OT1/
cmr/bx/it/12 036[]\OT1/cmr/m/it/12 eva[]charts[]hier[]latitude[]longitude[]min[
]temp
 []

[4] [5]
Overfull \hbox (5.24326pt too wide) in paragraph at lines 187--188
\OT1/cmr/m/n/12 down-load-ing the re-quired \OT1/cmr/m/it/12 weather \OT1/cmr/m
/n/12 and \OT1/cmr/m/it/12 well-be-ing \OT1/cmr/m/n/12 files into the pids-well
being-weather
 []

[6] [7]
Overfull \hbox (2.30063pt too wide) in paragraph at lines 239--240
\OT1/cmr/bx/n/12 014-technically-complete-single-dataframe\OT1/cmr/m/n/12 . The
 func-tion as-so-ci-ated with this
 []

[8]
Overfull \hbox (8.31024pt too wide) in paragraph at lines 275--286
 [][] 
 []

[9]
<./images/question_1_010_eda_charts_box_whisker_hours_sun.pdf, id=53, 614.295pt
 x 794.97pt>
File: ./images/question_1_010_eda_charts_box_whisker_hours_sun.pdf Graphic file
 (type pdf)
<use ./images/question_1_010_eda_charts_box_whisker_hours_sun.pdf>
Package pdftex.def Info: ./images/question_1_010_eda_charts_box_whisker_hours_s
un.pdf  used on input line 306.
(pdftex.def)             Requested size: 430.00356pt x 556.4752pt.

Overfull \hbox (10.83842pt too wide) in paragraph at lines 306--307
 [][] 
 []

<./images/question_1_010_eda_charts_box_whisker_rain.pdf, id=54, 614.295pt x 79
4.97pt>
File: ./images/question_1_010_eda_charts_box_whisker_rain.pdf Graphic file (typ
e pdf)
<use ./images/question_1_010_eda_charts_box_whisker_rain.pdf>
Package pdftex.def Info: ./images/question_1_010_eda_charts_box_whisker_rain.pd
f  used on input line 314.
(pdftex.def)             Requested size: 430.00356pt x 556.4752pt.

Overfull \hbox (10.83842pt too wide) in paragraph at lines 314--315
 [][] 
 []

<./images/question_1_010_eda_charts_box_whisker_max_temp.pdf, id=55, 614.295pt 
x 794.97pt>
File: ./images/question_1_010_eda_charts_box_whisker_max_temp.pdf Graphic file 
(type pdf)
<use ./images/question_1_010_eda_charts_box_whisker_max_temp.pdf>
Package pdftex.def Info: ./images/question_1_010_eda_charts_box_whisker_max_tem
p.pdf  used on input line 322.
(pdftex.def)             Requested size: 430.00356pt x 556.4752pt.

Overfull \hbox (10.83842pt too wide) in paragraph at lines 322--323
 [][] 
 []

<./images/question_1_010_eda_charts_box_whisker_min_temp.pdf, id=56, 614.295pt 
x 794.97pt>
File: ./images/question_1_010_eda_charts_box_whisker_min_temp.pdf Graphic file 
(type pdf)
<use ./images/question_1_010_eda_charts_box_whisker_min_temp.pdf>
Package pdftex.def Info: ./images/question_1_010_eda_charts_box_whisker_min_tem
p.pdf  used on input line 330.
(pdftex.def)             Requested size: 430.00356pt x 556.4752pt.

Overfull \hbox (10.83842pt too wide) in paragraph at lines 330--331
 [][] 
 []


Overfull \hbox (8.31024pt too wide) in paragraph at lines 358--369
 [][] 
 []

[10] [11 <./images/question_1_010_eda_charts_box_whisker_hours_sun.pdf>]
[12 <./images/question_1_010_eda_charts_box_whisker_rain.pdf>] [13 <./images/qu
estion_1_010_eda_charts_box_whisker_max_temp.pdf>] [14 <./images/question_1_010
_eda_charts_box_whisker_min_temp.pdf>]
<./images/question_1_013_eda_charts_latitude.pdf, id=92, 614.295pt x 794.97pt>
File: ./images/question_1_013_eda_charts_latitude.pdf Graphic file (type pdf)
<use ./images/question_1_013_eda_charts_latitude.pdf>
Package pdftex.def Info: ./images/question_1_013_eda_charts_latitude.pdf  used 
on input line 380.
(pdftex.def)             Requested size: 430.00356pt x 556.4752pt.

Overfull \hbox (10.83842pt too wide) in paragraph at lines 380--381
 [][] 
 []

<./images/question_1_014_eda_charts_longitude_latitude_hours_sun.png, id=93, 16
34.105pt x 1401.235pt>
File: ./images/question_1_014_eda_charts_longitude_latitude_hours_sun.png Graph
ic file (type png)
<use ./images/question_1_014_eda_charts_longitude_latitude_hours_sun.png>
Package pdftex.def Info: ./images/question_1_014_eda_charts_longitude_latitude_
hours_sun.png  used on input line 398.
(pdftex.def)             Requested size: 585.34503pt x 560.48409pt.

Overfull \hbox (166.1799pt too wide) in paragraph at lines 398--399
 [][] 
 []

<./images/question_1_015_eda_charts_latitude_longitude_rain_mm.png, id=96, 1634
.105pt x 1401.235pt>
File: ./images/question_1_015_eda_charts_latitude_longitude_rain_mm.png Graphic
 file (type png)
<use ./images/question_1_015_eda_charts_latitude_longitude_rain_mm.png>
Package pdftex.def Info: ./images/question_1_015_eda_charts_latitude_longitude_
rain_mm.png  used on input line 406.
(pdftex.def)             Requested size: 585.34503pt x 560.48409pt.

Overfull \hbox (166.1799pt too wide) in paragraph at lines 406--407
 [][] 
 []

<./images/question_1_016_eda_charts_latitude_longitude_max_temp.png, id=98, 163
4.105pt x 1401.235pt>
File: ./images/question_1_016_eda_charts_latitude_longitude_max_temp.png Graphi
c file (type png)
<use ./images/question_1_016_eda_charts_latitude_longitude_max_temp.png>
Package pdftex.def Info: ./images/question_1_016_eda_charts_latitude_longitude_
max_temp.png  used on input line 414.
(pdftex.def)             Requested size: 585.34503pt x 560.48409pt.

Overfull \hbox (166.1799pt too wide) in paragraph at lines 414--415
 [][] 
 []

<./images/question_1_017_eda_charts_longitude_latitude_min_temp.png, id=100, 16
34.105pt x 1401.235pt>
File: ./images/question_1_017_eda_charts_longitude_latitude_min_temp.png Graphi
c file (type png)
<use ./images/question_1_017_eda_charts_longitude_latitude_min_temp.png>
Package pdftex.def Info: ./images/question_1_017_eda_charts_longitude_latitude_
min_temp.png  used on input line 422.
(pdftex.def)             Requested size: 585.34503pt x 560.48409pt.

Overfull \hbox (166.1799pt too wide) in paragraph at lines 422--423
 [][] 
 []

[15] [16 <./images/question_1_013_eda_charts_latitude.pdf>] [17 <./images/quest
ion_1_014_eda_charts_longitude_latitude_hours_sun.png>] [18 <./images/question_
1_015_eda_charts_latitude_longitude_rain_mm.png>] [19 <./images/question_1_016_
eda_charts_latitude_longitude_max_temp.png>] [20 <./images/question_1_017_eda_c
harts_longitude_latitude_min_temp.png>]
<./images/question_1_019_prep_charts_vat.pdf, id=134, 614.295pt x 794.97pt>
File: ./images/question_1_019_prep_charts_vat.pdf Graphic file (type pdf)
<use ./images/question_1_019_prep_charts_vat.pdf>
Package pdftex.def Info: ./images/question_1_019_prep_charts_vat.pdf  used on i
nput line 459.
(pdftex.def)             Requested size: 245.71364pt x 317.98236pt.
 [21 <./images/question_1_019_prep_charts_vat.pdf>]
<./images/question_1_020_prep_k_choice_console_output.png, id=145, 712.6625pt x
 608.2725pt>
File: ./images/question_1_020_prep_k_choice_console_output.png Graphic file (ty
pe png)
<use ./images/question_1_020_prep_k_choice_console_output.png>
Package pdftex.def Info: ./images/question_1_020_prep_k_choice_console_output.p
ng  used on input line 479.
(pdftex.def)             Requested size: 356.33038pt x 304.13551pt.
<./images/question_1_021_prep_algorithm_choice_console_ouput.png, id=146, 334.2
4875pt x 444.66125pt>
File: ./images/question_1_021_prep_algorithm_choice_console_ouput.png Graphic f
ile (type png)
<use ./images/question_1_021_prep_algorithm_choice_console_ouput.png>
Package pdftex.def Info: ./images/question_1_021_prep_algorithm_choice_console_
ouput.png  used on input line 501.
(pdftex.def)             Requested size: 200.55078pt x 266.7988pt.


LaTeX Warning: `!h' float specifier changed to `!ht'.

[22] [23 <./images/question_1_020_prep_k_choice_console_output.png>]
Overfull \hbox (17.56938pt too wide) in paragraph at lines 551--553
\OT1/cmr/m/n/12 clus-ter was pro-duced by ex-ported func-tion \OT1/cmr/m/it/12 
ques-tion[]1[]024[]analysis[]charts[]dendrogram\OT1/cmr/m/n/12 ,
 []

[24 <./images/question_1_021_prep_algorithm_choice_console_ouput.png>]
<./images/question_1_024_analysis_charts_dendrogram.pdf, id=158, 614.295pt x 79
4.97pt>
File: ./images/question_1_024_analysis_charts_dendrogram.pdf Graphic file (type
 pdf)
<use ./images/question_1_024_analysis_charts_dendrogram.pdf>
Package pdftex.def Info: ./images/question_1_024_analysis_charts_dendrogram.pdf
  used on input line 557.
(pdftex.def)             Requested size: 430.00356pt x 556.4752pt.

Overfull \hbox (10.83842pt too wide) in paragraph at lines 557--558
 [][] 
 []


Overfull \hbox (0.12622pt too wide) in paragraph at lines 574--576
\OT1/cmr/m/n/12 The ex-ported func-tion \OT1/cmr/m/it/12 ques-tion[]1[]026[]ana
lysis[]kmeans \OT1/cmr/m/n/12 ran K-means mul-ti-ple times
 []

<./images/question_1_027_analysis_charts_sum_squares.pdf, id=159, 614.295pt x 7
94.97pt>
File: ./images/question_1_027_analysis_charts_sum_squares.pdf Graphic file (typ
e pdf)
<use ./images/question_1_027_analysis_charts_sum_squares.pdf>
Package pdftex.def Info: ./images/question_1_027_analysis_charts_sum_squares.pd
f  used on input line 580.
(pdftex.def)             Requested size: 430.00356pt x 556.4752pt.

Overfull \hbox (10.83842pt too wide) in paragraph at lines 580--581
 [][] 
 []

<./images/question_1_032_eval_charts_hierarchical_latitude.pdf, id=160, 614.295
pt x 794.97pt>
File: ./images/question_1_032_eval_charts_hierarchical_latitude.pdf Graphic fil
e (type pdf)
<use ./images/question_1_032_eval_charts_hierarchical_latitude.pdf>
Package pdftex.def Info: ./images/question_1_032_eval_charts_hierarchical_latit
ude.pdf  used on input line 604.
(pdftex.def)             Requested size: 430.00356pt x 556.4752pt.

Overfull \hbox (10.83842pt too wide) in paragraph at lines 604--605
 [][] 
 []

[25] [26 <./images/question_1_024_analysis_charts_dendrogram.pdf>] [27 <./image
s/question_1_027_analysis_charts_sum_squares.pdf>] [28 <./images/question_1_032
_eval_charts_hierarchical_latitude.pdf>]
<./images/question_1_033_eval_charts_hier_latitude_longitude_hours_sun.png, id=
190, 1634.105pt x 1401.235pt>
File: ./images/question_1_033_eval_charts_hier_latitude_longitude_hours_sun.png
 Graphic file (type png)
<use ./images/question_1_033_eval_charts_hier_latitude_longitude_hours_sun.png>

Package pdftex.def Info: ./images/question_1_033_eval_charts_hier_latitude_long
itude_hours_sun.png  used on input line 620.
(pdftex.def)             Requested size: 562.58324pt x 560.48409pt.

Overfull \hbox (143.4181pt too wide) in paragraph at lines 620--621
 [][] 
 []

<./images/question_1_034_eval_charts_hier_latitude_longitude_rain_mm.png, id=19
2, 1634.105pt x 1401.235pt>
File: ./images/question_1_034_eval_charts_hier_latitude_longitude_rain_mm.png G
raphic file (type png)
<use ./images/question_1_034_eval_charts_hier_latitude_longitude_rain_mm.png>
Package pdftex.def Info: ./images/question_1_034_eval_charts_hier_latitude_long
itude_rain_mm.png  used on input line 628.
(pdftex.def)             Requested size: 562.58324pt x 560.48409pt.

Overfull \hbox (143.4181pt too wide) in paragraph at lines 628--629
 [][] 
 []

<./images/question_1_035_eval_charts_hier_latitude_longitude_max_temp.png, id=1
94, 1634.105pt x 1401.235pt>
File: ./images/question_1_035_eval_charts_hier_latitude_longitude_max_temp.png 
Graphic file (type png)
<use ./images/question_1_035_eval_charts_hier_latitude_longitude_max_temp.png>
Package pdftex.def Info: ./images/question_1_035_eval_charts_hier_latitude_long
itude_max_temp.png  used on input line 636.
(pdftex.def)             Requested size: 562.58324pt x 560.48409pt.

Overfull \hbox (143.4181pt too wide) in paragraph at lines 636--637
 [][] 
 []

<./images/question_1_036_eval_charts_hier_latitude_longitude_min_temp.png, id=1
96, 1634.105pt x 1401.235pt>
File: ./images/question_1_036_eval_charts_hier_latitude_longitude_min_temp.png 
Graphic file (type png)
<use ./images/question_1_036_eval_charts_hier_latitude_longitude_min_temp.png>
Package pdftex.def Info: ./images/question_1_036_eval_charts_hier_latitude_long
itude_min_temp.png  used on input line 644.
(pdftex.def)             Requested size: 562.58324pt x 560.48409pt.

Overfull \hbox (143.4181pt too wide) in paragraph at lines 644--645
 [][] 
 []

LaTeX Font Info:    Try loading font information for TS1+cmr on input line 663.

(/usr/local/texlive/2018/texmf-dist/tex/latex/base/ts1cmr.fd
File: ts1cmr.fd 2014/09/29 v2.5h Standard LaTeX font definitions
)
LaTeX Font Info:    Try loading font information for OML+cmr on input line 665.


(/usr/local/texlive/2018/texmf-dist/tex/latex/base/omlcmr.fd
File: omlcmr.fd 2014/09/29 v2.5h Standard LaTeX font definitions
)
LaTeX Font Info:    Font shape `OML/cmr/m/n' in size <10> not available
(Font)              Font shape `OML/cmm/m/it' tried instead on input line 665.
LaTeX Font Info:    Try loading font information for OMS+cmr on input line 665.


(/usr/local/texlive/2018/texmf-dist/tex/latex/base/omscmr.fd
File: omscmr.fd 2014/09/29 v2.5h Standard LaTeX font definitions
)
LaTeX Font Info:    Font shape `OMS/cmr/m/n' in size <10> not available
(Font)              Font shape `OMS/cmsy/m/n' tried instead on input line 665.
 [29] [30 <./images/question_1_033_eval_charts_hier_latitude_longitude_hours_su
n.png>] [31 <./images/question_1_034_eval_charts_hier_latitude_longitude_rain_m
m.png>] [32 <./images/question_1_035_eval_charts_hier_latitude_longitude_max_te
mp.png>] [33 <./images/question_1_036_eval_charts_hier_latitude_longitude_min_t
emp.png>] [34

]
<./images/question_2_003_eda_charts_weather_features.pdf, id=228, 614.295pt x 7
94.97pt>
File: ./images/question_2_003_eda_charts_weather_features.pdf Graphic file (typ
e pdf)
<use ./images/question_2_003_eda_charts_weather_features.pdf>
Package pdftex.def Info: ./images/question_2_003_eda_charts_weather_features.pd
f  used on input line 755.
(pdftex.def)             Requested size: 430.00356pt x 556.4752pt.

Overfull \hbox (10.83842pt too wide) in paragraph at lines 755--756
 [][] 
 []


Overfull \hbox (44.31473pt too wide) in paragraph at lines 762--771
 [][] 
 []

[35] [36 <./images/question_2_003_eda_charts_weather_features.pdf>] [37]
[38

]
<./images/question_3_005_eda_charts_wellbeing_by_region.png, id=246, 819.06pt x
 702.625pt>
File: ./images/question_3_005_eda_charts_wellbeing_by_region.png Graphic file (
type png)
<use ./images/question_3_005_eda_charts_wellbeing_by_region.png>
Package pdftex.def Info: ./images/question_3_005_eda_charts_wellbeing_by_region
.png  used on input line 954.
(pdftex.def)             Requested size: 450.48439pt x 386.44493pt.

Overfull \hbox (31.31926pt too wide) in paragraph at lines 954--955
 [][] 
 []

[39] [40 <./images/question_3_005_eda_charts_wellbeing_by_region.png>] [41]
[42] [43] [44

] (./tutorial.3.bbl
Underfull \hbox (badness 5231) in paragraph at lines 10--13
[]\OT1/cmr/m/n/12 ``pids.wellbeing.weather.'' $\OT1/cmtt/m/n/12 https : / / git
hub . com / b136325 / pids . wellbeing .
 []


Underfull \hbox (badness 10000) in paragraph at lines 35--38
[]\OT1/cmr/m/n/12 ``R data types.'' $\OT1/cmtt/m/n/12 https : / / swcarpentry .
 github . io /
 []

) [45

] [46

] [47]
<./images/question_1_001_results.png, id=278, 983.675pt x 301.125pt>
File: ./images/question_1_001_results.png Graphic file (type png)
<use ./images/question_1_001_results.png>
Package pdftex.def Info: ./images/question_1_001_results.png  used on input lin
e 1053.
(pdftex.def)             Requested size: 688.56781pt x 210.78606pt.

Overfull \hbox (269.40268pt too wide) in paragraph at lines 1053--1054
 [][] 
 []

[48 <./images/question_1_001_results.png>] (./tutorial.3.aux) ) 
Here is how much of TeX's memory you used:
 29867 strings out of 492649
 571220 string characters out of 6129622
 707771 words of memory out of 5000000
 33264 multiletter control sequences out of 15000+600000
 539950 words of font info for 59 fonts, out of 8000000 for 9000
 1141 hyphenation exceptions out of 8191
 55i,9n,92p,10379b,1748s stack positions out of 5000i,500n,10000p,200000b,80000s
{/usr/local/texl
ive/2018/texmf-dist/fonts/enc/dvips/cm-super/cm-super-ts1.enc}</usr/local/texli
ve/2018/texmf-dist/fonts/type1/public/amsfonts/cm/cmbx12.pfb></usr/local/texliv
e/2018/texmf-dist/fonts/type1/public/amsfonts/cm/cmbxti10.pfb></usr/local/texli
ve/2018/texmf-dist/fonts/type1/public/amsfonts/cm/cmmi10.pfb></usr/local/texliv
e/2018/texmf-dist/fonts/type1/public/amsfonts/cm/cmmi12.pfb></usr/local/texlive
/2018/texmf-dist/fonts/type1/public/amsfonts/cm/cmr10.pfb></usr/local/texlive/2
018/texmf-dist/fonts/type1/public/amsfonts/cm/cmr12.pfb></usr/local/texlive/201
8/texmf-dist/fonts/type1/public/amsfonts/cm/cmsy10.pfb></usr/local/texlive/2018
/texmf-dist/fonts/type1/public/amsfonts/cm/cmti12.pfb></usr/local/texlive/2018/
texmf-dist/fonts/type1/public/amsfonts/cm/cmtt12.pfb></usr/local/texlive/2018/t
exmf-dist/fonts/type1/public/cm-super/sfrm1000.pfb>
Output written on tutorial.3.pdf (52 pages, 1300871 bytes).
PDF statistics:
 319 PDF objects out of 1000 (max. 8388607)
 200 compressed objects within 2 object streams
 0 named destinations out of 1000 (max. 500000)
 171 words of extra memory for PDF output out of 10000 (max. 10000000)

